<?xml version="1.0" encoding="UTF-8"?>
<testsuite name="TCs.TestCasesPythonOrg-20250416150212" tests="3" file="TCs.py" time="34.754" timestamp="2025-04-16T15:02:47" failures="0" errors="0" skipped="0">
	<testcase classname="TCs.TestCasesPythonOrg" name="test_SearchNoResultsFound" time="10.344" timestamp="2025-04-16T15:02:23" file="TCs.py" line="46">
		<system-out><![CDATA[TC002: Search - no results found passed
]]></system-out>
	</testcase>
	<testcase classname="TCs.TestCasesPythonOrg" name="test_UpcomingEventsSectionPresentInAboutPage" time="14.203" timestamp="2025-04-16T15:02:37" file="TCs.py" line="68">
		<system-out><![CDATA[TC003: Upcoming Events section is present in about page passed
]]></system-out>
	</testcase>
	<testcase classname="TCs.TestCasesPythonOrg" name="test_VerifyPython3DocsButton" time="10.207" timestamp="2025-04-16T15:02:47" file="TCs.py" line="25">
		<system-out><![CDATA[TC001: redirected to correct page Python 3 Docs passed
]]></system-out>
	</testcase>
</testsuite>
